<?xml version="1.0" encoding="UTF-8"?>
<!-- Generated by org.testng.reporters.JUnitXMLReporter -->
<testsuite ignored="0" hostname="RAIKARGAJU" failures="2" tests="2" name="Scenarios" time="8395.793" errors="0" timestamp="2024-01-15T21:41:25 IST">
  <testcase classname="com.sgtesting.actitime.testsuite.DriverScript" name="feature" time="42.461">
    <failure type="cucumber.runtime.CucumberException" message="java.lang.AssertionError: expected [true] but found [false]">
      <![CDATA[cucumber.runtime.CucumberException: java.lang.AssertionError: expected [true] but found [false]
at cucumber.api.testng.TestNGCucumberRunner.runCucumber(TestNGCucumberRunner.java:69)
at com.sgtesting.actitime.testsuite.DriverScript.feature(DriverScript.java:31)
at java.base/java.util.ArrayList.forEach(ArrayList.java:1541)
Caused by: java.lang.AssertionError: expected [true] but found [false]
at com.sgtesting.actitime.stepdefinitions.ActiTimeStepDefinition.the_Home_page_should_display(ActiTimeStepDefinition.java:118)
at ✽.Then the Home page should display(loginlogout.feature:16)
... Removed 35 stack frames]]>
    </failure>
  </testcase> <!-- feature -->
  <testcase classname="com.sgtesting.actitime.testsuite.DriverScript" name="feature" time="8338.685">
    <failure type="cucumber.runtime.CucumberException" message="java.lang.AssertionError: expected [true] but found [false]">
      <![CDATA[cucumber.runtime.CucumberException: java.lang.AssertionError: expected [true] but found [false]
at cucumber.api.testng.TestNGCucumberRunner.runCucumber(TestNGCucumberRunner.java:69)
at com.sgtesting.actitime.testsuite.DriverScript.feature(DriverScript.java:31)
at java.base/java.util.ArrayList.forEach(ArrayList.java:1541)
Caused by: java.lang.AssertionError: expected [true] but found [false]
at com.sgtesting.actitime.stepdefinitions.ActiTimeStepDefinition.the_Home_page_should_display(ActiTimeStepDefinition.java:118)
at ✽.Then the Home page should display(users.feature:16)
... Removed 35 stack frames]]>
    </failure>
  </testcase> <!-- feature -->
</testsuite> <!-- Scenarios -->
